<?xml version="1.0" encoding="UTF-8"?>
<!-- Generated by org.testng.reporters.JUnitReportReporter -->
<testsuite hostname="DESKTOP-O9OR2BF" failures="0" tests="1" name="com.OneToFifty.MainPage.One_To_Fifty_MainPage" time="16.293" errors="0" timestamp="2023-01-23T21:19:51 IST" skipped="0">
  <testcase classname="com.OneToFifty.MainPage.One_To_Fifty_MainPage" name="user1" time="16.293"/>
  <system-out/>
</testsuite> <!-- com.OneToFifty.MainPage.One_To_Fifty_MainPage -->
